<?xml version="1.0" encoding="UTF-8"?>
<testng-results ignored="0" total="1" passed="1" failed="0" skipped="0">
  <reporter-output>
  </reporter-output>
  <suite started-at="2024-03-24T06:21:21Z" name="Default suite" finished-at="2024-03-24T06:21:21Z" duration-ms="59">
    <groups>
    </groups>
    <test started-at="2024-03-24T06:21:21Z" name="Default test" finished-at="2024-03-24T06:21:21Z" duration-ms="59">
      <class name="pomTest.homePageTest">
        <test-method signature="homePageTest1()[pri:0, instance:pomTest.homePageTest@352c1b98]" started-at="2024-03-24T11:51:21Z" name="homePageTest1" finished-at="2024-03-24T11:51:21Z" duration-ms="16" status="PASS">
          <reporter-output>
          </reporter-output>
        </test-method> <!-- homePageTest1 -->
      </class> <!-- pomTest.homePageTest -->
    </test> <!-- Default test -->
  </suite> <!-- Default suite -->
</testng-results>
